mp3Ready/build/outputs/logs/manifest-merger-debug-report.txt
-- Merging decision tree log ---
manifest
ADDED from src\main\AndroidManifest.xml:2:1-75:12
	package
		ADDED from src\main\AndroidManifest.xml:4:5-31
		INJECTED from src\main\AndroidManifest.xml
		INJECTED from src\main\AndroidManifest.xml
	android:versionName
		ADDED from src\main\AndroidManifest.xml:6:5-30
		INJECTED from src\main\AndroidManifest.xml
		INJECTED from src\main\AndroidManifest.xml
	xmlns:tools
		ADDED from src\main\AndroidManifest.xml:3:5-51
	android:versionCode
		ADDED from src\main\AndroidManifest.xml:5:5-28
		INJECTED from src\main\AndroidManifest.xml
		INJECTED from src\main\AndroidManifest.xml
	xmlns:android
		ADDED from src\main\AndroidManifest.xml:2:11-69
meta-data#com.google.android.gms.version
ADDED from src\main\AndroidManifest.xml:13:5-15:35
	android:value
		ADDED from src\main\AndroidManifest.xml:15:9-32
	android:name
		ADDED from src\main\AndroidManifest.xml:14:9-54
uses-permission#android.permission.INTERNET
ADDED from src\main\AndroidManifest.xml:17:5-67
MERGED from [Mp3Ready:zlib:unspecified] AndroidManifest.xml:11:5-67
	android:name
		ADDED from src\main\AndroidManifest.xml:17:22-64
uses-permission#android.permission.WRITE_EXTERNAL_STORAGE
ADDED from src\main\AndroidManifest.xml:18:5-81
MERGED from [Mp3Ready:zlib:unspecified] AndroidManifest.xml:13:5-81
	android:name
		ADDED from src\main\AndroidManifest.xml:18:22-78
uses-permission#android.permission.VIBRATE
ADDED from src\main\AndroidManifest.xml:19:5-66
	android:name
		ADDED from src\main\AndroidManifest.xml:19:22-63
uses-permission#android.permission.GET_TASKS
ADDED from src\main\AndroidManifest.xml:20:5-68
	android:name
		ADDED from src\main\AndroidManifest.xml:20:22-65
uses-permission#android.permission.ACCESS_FINE_LOCATION
ADDED from src\main\AndroidManifest.xml:21:5-79
MERGED from [Mp3Ready:zlib:unspecified] AndroidManifest.xml:16:5-79
	android:name
		ADDED from src\main\AndroidManifest.xml:21:22-76
uses-permission#android.permission.ACCESS_COARSE_LOCATION
ADDED from src\main\AndroidManifest.xml:22:5-81
MERGED from [Mp3Ready:zlib:unspecified] AndroidManifest.xml:17:5-81
	android:name
		ADDED from src\main\AndroidManifest.xml:22:22-78
uses-permission#android.permission.ACCESS_NETWORK_STATE
ADDED from src\main\AndroidManifest.xml:23:5-79
MERGED from [Mp3Ready:zlib:unspecified] AndroidManifest.xml:14:5-79
	android:name
		ADDED from src\main\AndroidManifest.xml:23:22-76
uses-permission#android.permission.WAKE_LOCK
ADDED from src\main\AndroidManifest.xml:24:5-68
	android:name
		ADDED from src\main\AndroidManifest.xml:24:22-65
uses-permission#android.permission.READ_PHONE_STATE
ADDED from src\main\AndroidManifest.xml:25:5-75
	android:name
		ADDED from src\main\AndroidManifest.xml:25:22-72
uses-permission#android.permission.SYSTEM_ALERT_WINDOW
ADDED from src\main\AndroidManifest.xml:26:5-78
	android:name
		ADDED from src\main\AndroidManifest.xml:26:22-75
uses-permission#android.permission.RECORD_AUDIO
ADDED from src\main\AndroidManifest.xml:30:5-71
	android:name
		ADDED from src\main\AndroidManifest.xml:30:22-68
uses-permission#android.permission.READ_EXTERNAL_STORAGE
ADDED from src\main\AndroidManifest.xml:31:5-80
MERGED from [Mp3Ready:zlib:unspecified] AndroidManifest.xml:12:5-80
	android:name
		ADDED from src\main\AndroidManifest.xml:31:22-77
uses-permission#android.permission.MOUNT_UNMOUNT_FILESYSTEMS
ADDED from src\main\AndroidManifest.xml:33:5-84
	android:name
		ADDED from src\main\AndroidManifest.xml:33:22-81
application
ADDED from src\main\AndroidManifest.xml:36:5-73:19
MERGED from [com.android.support:design:26.0.0-alpha1] AndroidManifest.xml:29:5-20
MERGED from [com.android.support:transition:26.0.0-alpha1] AndroidManifest.xml:26:5-20
MERGED from [com.android.support.constraint:constraint-layout:1.0.2] AndroidManifest.xml:9:5-20
MERGED from [Mp3Ready:andTinder:unspecified] AndroidManifest.xml:9:5-12:19
MERGED from [Mp3Ready:view_pager_lib:unspecified] AndroidManifest.xml:9:5-20
MERGED from [Mp3Ready:zlib:unspecified] AndroidManifest.xml:20:5-24:19
MERGED from [com.google.android.gms:play-services-maps:6.5.87] AndroidManifest.xml:19:5-20
MERGED from [com.google.android.gms:play-services-base:6.5.87] AndroidManifest.xml:20:5-24:19
MERGED from [com.android.support:appcompat-v7:26.0.0-alpha1] AndroidManifest.xml:29:5-20
MERGED from [com.android.support:support-v4:26.0.0-alpha1] AndroidManifest.xml:29:5-20
MERGED from [com.android.support:support-media-compat:26.0.0-alpha1] AndroidManifest.xml:29:5-20
MERGED from [com.android.support:support-fragment:26.0.0-alpha1] AndroidManifest.xml:29:5-20
MERGED from [com.android.support:support-core-ui:26.0.0-alpha1] AndroidManifest.xml:29:5-20
MERGED from [com.android.support:support-core-utils:26.0.0-alpha1] AndroidManifest.xml:29:5-20
MERGED from [com.android.support:animated-vector-drawable:26.0.0-alpha1] AndroidManifest.xml:26:5-20
MERGED from [com.android.support:support-vector-drawable:26.0.0-alpha1] AndroidManifest.xml:26:5-20
MERGED from [com.android.support:support-compat:26.0.0-alpha1] AndroidManifest.xml:29:5-20
	android:label
		ADDED from src\main\AndroidManifest.xml:40:9-41
	android:supportsRtl
		ADDED from [Mp3Ready:zlib:unspecified] AndroidManifest.xml:23:9-35
	android:hardwareAccelerated
		ADDED from src\main\AndroidManifest.xml:38:9-43
	android:allowBackup
		ADDED from src\main\AndroidManifest.xml:37:9-35
	android:icon
		ADDED from src\main\AndroidManifest.xml:39:9-38
		REJECTED from [Mp3Ready:andTinder:unspecified] AndroidManifest.xml:10:9-45
	android:theme
		ADDED from src\main\AndroidManifest.xml:41:9-52
	tools:replace
		ADDED from src\main\AndroidManifest.xml:42:9-37
activity#mp3ready.ui.MainActivity
ADDED from src\main\AndroidManifest.xml:43:9-56:20
	android:label
		ADDED from src\main\AndroidManifest.xml:47:13-45
	android:hardwareAccelerated
		ADDED from src\main\AndroidManifest.xml:46:13-47
	android:launchMode
		ADDED from src\main\AndroidManifest.xml:48:13-42
	android:noHistory
		ADDED from src\main\AndroidManifest.xml:49:13-38
	android:windowSoftInputMode
		ADDED from src\main\AndroidManifest.xml:50:13-52
	android:configChanges
		ADDED from src\main\AndroidManifest.xml:45:13-87
	android:name
		ADDED from src\main\AndroidManifest.xml:44:13-52
intent-filter#android.intent.action.MAIN+android.intent.category.LAUNCHER
ADDED from src\main\AndroidManifest.xml:51:13-55:29
action#android.intent.action.MAIN
ADDED from src\main\AndroidManifest.xml:52:17-69
	android:name
		ADDED from src\main\AndroidManifest.xml:52:25-66
category#android.intent.category.LAUNCHER
ADDED from src\main\AndroidManifest.xml:54:17-77
	android:name
		ADDED from src\main\AndroidManifest.xml:54:27-74
service#mp3ready.download.services.DownloadService
ADDED from src\main\AndroidManifest.xml:58:9-62:19
	android:name
		ADDED from src\main\AndroidManifest.xml:58:18-75
intent-filter#mp3ready.download.services.IDownloadService
ADDED from src\main\AndroidManifest.xml:59:13-61:29
action#mp3ready.download.services.IDownloadService
ADDED from src\main\AndroidManifest.xml:60:17-86
	android:name
		ADDED from src\main\AndroidManifest.xml:60:25-83
service#mp3ready.player.services.PlayerService
ADDED from src\main\AndroidManifest.xml:63:9-74
	android:name
		ADDED from src\main\AndroidManifest.xml:63:18-71
meta-data#com.google.android.maps.v2.API_KEY
ADDED from src\main\AndroidManifest.xml:65:9-67:71
	android:value
		ADDED from src\main\AndroidManifest.xml:67:13-68
	android:name
		ADDED from src\main\AndroidManifest.xml:66:13-62
service#mp3ready.Services.PlayerService
ADDED from src\main\AndroidManifest.xml:69:9-72:47
	android:enabled
		ADDED from src\main\AndroidManifest.xml:71:13-35
	android:exported
		ADDED from src\main\AndroidManifest.xml:72:13-36
	android:name
		ADDED from src\main\AndroidManifest.xml:70:13-59
uses-sdk
INJECTED from src\main\AndroidManifest.xml reason: use-sdk injection requested
MERGED from [com.android.support:design:26.0.0-alpha1] AndroidManifest.xml:21:5-23:62
MERGED from [com.android.support:recyclerview-v7:26.0.0-alpha1] AndroidManifest.xml:20:5-44
MERGED from [com.android.support:transition:26.0.0-alpha1] AndroidManifest.xml:20:5-44
MERGED from [com.android.support.constraint:constraint-layout:1.0.2] AndroidManifest.xml:5:5-7:41
MERGED from [Mp3Ready:page_indecator_library:unspecified] AndroidManifest.xml:7:5-9:41
MERGED from [Mp3Ready:andTinder:unspecified] AndroidManifest.xml:5:5-7:41
MERGED from [Mp3Ready:view_pager_lib:unspecified] AndroidManifest.xml:5:5-7:41
MERGED from [Mp3Ready:zlib:unspecified] AndroidManifest.xml:7:5-9:41
MERGED from [com.android.support:multidex:1.0.1] AndroidManifest.xml:18:5-42
MERGED from [com.google.android.gms:play-services-maps:6.5.87] AndroidManifest.xml:18:5-42
MERGED from [com.google.android.gms:play-services-base:6.5.87] AndroidManifest.xml:18:5-42
MERGED from [com.android.support:appcompat-v7:26.0.0-alpha1] AndroidManifest.xml:21:5-23:78
MERGED from [com.android.support:support-v4:26.0.0-alpha1] AndroidManifest.xml:21:5-23:54
MERGED from [com.android.support:support-media-compat:26.0.0-alpha1] AndroidManifest.xml:21:5-23:63
MERGED from [com.android.support:support-fragment:26.0.0-alpha1] AndroidManifest.xml:21:5-23:60
MERGED from [com.android.support:support-core-ui:26.0.0-alpha1] AndroidManifest.xml:21:5-23:58
MERGED from [com.android.support:support-core-utils:26.0.0-alpha1] AndroidManifest.xml:21:5-23:61
MERGED from [com.android.support:animated-vector-drawable:26.0.0-alpha1] AndroidManifest.xml:20:5-44
MERGED from [com.android.support:support-vector-drawable:26.0.0-alpha1] AndroidManifest.xml:20:5-44
MERGED from [com.android.support:support-compat:26.0.0-alpha1] AndroidManifest.xml:21:5-23:58
MERGED from [Mp3Ready:player:unspecified] AndroidManifest.xml:21:5-23:41
MERGED from [Mp3Ready:player-dash:unspecified] AndroidManifest.xml:21:5-23:41
MERGED from [Mp3Ready:player-hls:unspecified] AndroidManifest.xml:21:5-23:41
MERGED from [Mp3Ready:player-smoothstreaming:unspecified] AndroidManifest.xml:21:5-23:41
MERGED from [Mp3Ready:player-ui:unspecified] AndroidManifest.xml:21:5-23:41
MERGED from [Mp3Ready:player-core:unspecified] AndroidManifest.xml:21:5-23:41
	tools:overrideLibrary
		ADDED from [com.android.support:design:26.0.0-alpha1] AndroidManifest.xml:23:9-59
	android:targetSdkVersion
		INJECTED from src\main\AndroidManifest.xml
		INJECTED from src\main\AndroidManifest.xml
	android:minSdkVersion
		INJECTED from src\main\AndroidManifest.xml
		INJECTED from src\main\AndroidManifest.xml
meta-data#android.support.VERSION
ADDED from [com.android.support:design:26.0.0-alpha1] AndroidManifest.xml:25:5-27:41
MERGED from [com.android.support:recyclerview-v7:26.0.0-alpha1] AndroidManifest.xml:22:5-24:41
MERGED from [com.android.support:transition:26.0.0-alpha1] AndroidManifest.xml:22:5-24:41
MERGED from [com.android.support:appcompat-v7:26.0.0-alpha1] AndroidManifest.xml:25:5-27:41
MERGED from [com.android.support:support-v4:26.0.0-alpha1] AndroidManifest.xml:25:5-27:41
MERGED from [com.android.support:support-media-compat:26.0.0-alpha1] AndroidManifest.xml:25:5-27:41
MERGED from [com.android.support:support-fragment:26.0.0-alpha1] AndroidManifest.xml:25:5-27:41
MERGED from [com.android.support:support-core-ui:26.0.0-alpha1] AndroidManifest.xml:25:5-27:41
MERGED from [com.android.support:support-core-utils:26.0.0-alpha1] AndroidManifest.xml:25:5-27:41
MERGED from [com.android.support:animated-vector-drawable:26.0.0-alpha1] AndroidManifest.xml:22:5-24:41
MERGED from [com.android.support:support-vector-drawable:26.0.0-alpha1] AndroidManifest.xml:22:5-24:41
MERGED from [com.android.support:support-compat:26.0.0-alpha1] AndroidManifest.xml:25:5-27:41
	android:value
		ADDED from [com.android.support:design:26.0.0-alpha1] AndroidManifest.xml:27:9-38
	android:name
		ADDED from [com.android.support:design:26.0.0-alpha1] AndroidManifest.xml:26:9-47
uses-permission#android.permission.LOCATION_HARDWARE
ADDED from [Mp3Ready:zlib:unspecified] AndroidManifest.xml:18:5-76
	android:name
		ADDED from [Mp3Ready:zlib:unspecified] AndroidManifest.xml:18:22-73